[10:34:17] [main/INFO] [GradleStart]: No arguments specified, assuming client.
[10:34:17] [main/INFO] [GradleStart]: Running with arguments: [--version, 1.7.2, --tweakClass, cpw.mods.fml.common.launcher.FMLTweaker, --assetIndex, {ASSET_INDEX}, --assetsDir, C:/Users/prucker/.gradle/caches/minecraft/assets, --accessToken, FML, --userProperties, {}, --username, ForgeDevName]
[10:34:18] [main/INFO] [LaunchWrapper]: Loading tweak class name cpw.mods.fml.common.launcher.FMLTweaker
[10:34:18] [main/INFO] [LaunchWrapper]: Using primary tweak class name cpw.mods.fml.common.launcher.FMLTweaker
[10:34:18] [main/INFO] [LaunchWrapper]: Calling tweak class cpw.mods.fml.common.launcher.FMLTweaker
[10:52:32] [main/INFO] [GradleStart]: No arguments specified, assuming client.
[10:52:32] [main/INFO] [GradleStart]: Running with arguments: [--version, 1.7.2, --tweakClass, cpw.mods.fml.common.launcher.FMLTweaker, --assetIndex, {ASSET_INDEX}, --assetsDir, C:/Users/prucker/.gradle/caches/minecraft/assets, --accessToken, FML, --userProperties, {}, --username, ForgeDevName]
[10:52:32] [main/INFO] [LaunchWrapper]: Loading tweak class name cpw.mods.fml.common.launcher.FMLTweaker
[10:52:32] [main/INFO] [LaunchWrapper]: Using primary tweak class name cpw.mods.fml.common.launcher.FMLTweaker
[10:52:32] [main/INFO] [LaunchWrapper]: Calling tweak class cpw.mods.fml.common.launcher.FMLTweaker
[10:53:25] [main/INFO] [GradleStart]: No arguments specified, assuming client.
[10:53:25] [main/INFO] [GradleStart]: Running with arguments: [--version, 1.7.2, --tweakClass, cpw.mods.fml.common.launcher.FMLTweaker, --assetIndex, {ASSET_INDEX}, --assetsDir, C:/Users/prucker/.gradle/caches/minecraft/assets, --accessToken, FML, --userProperties, {}, --username, ForgeDevName]
[10:53:25] [main/INFO] [LaunchWrapper]: Loading tweak class name cpw.mods.fml.common.launcher.FMLTweaker
[10:53:25] [main/INFO] [LaunchWrapper]: Using primary tweak class name cpw.mods.fml.common.launcher.FMLTweaker
[10:53:25] [main/INFO] [LaunchWrapper]: Calling tweak class cpw.mods.fml.common.launcher.FMLTweaker
[12:44:01] [main/INFO] [GradleStart]: No arguments specified, assuming client.
[12:44:01] [main/INFO] [GradleStart]: Running with arguments: [--version, 1.7.2, --tweakClass, cpw.mods.fml.common.launcher.FMLTweaker, --assetIndex, {ASSET_INDEX}, --assetsDir, C:/Users/prucker/.gradle/caches/minecraft/assets, --accessToken, FML, --userProperties, {}, --username, ForgeDevName]
[12:44:01] [main/INFO] [LaunchWrapper]: Loading tweak class name cpw.mods.fml.common.launcher.FMLTweaker
[12:44:01] [main/INFO] [LaunchWrapper]: Using primary tweak class name cpw.mods.fml.common.launcher.FMLTweaker
[12:44:01] [main/INFO] [LaunchWrapper]: Calling tweak class cpw.mods.fml.common.launcher.FMLTweaker
