[12:44:06] [main/INFO]: Setting user: ForgeDevName
[12:44:08] [Client thread/INFO]: LWJGL Version: 2.9.0
[12:44:08] [Client thread/ERROR]: Couldn't set icon
javax.imageio.IIOException: Can't read input file!
	at javax.imageio.ImageIO.read(ImageIO.java:1301) ~[?:1.7.0_60]
	at net.minecraft.client.Minecraft.readImage(Minecraft.java:641) ~[Minecraft.class:?]
	at net.minecraft.client.Minecraft.startGame(Minecraft.java:470) [Minecraft.class:?]
	at net.minecraft.client.Minecraft.run(Minecraft.java:892) [Minecraft.class:?]
	at net.minecraft.client.main.Main.main(Main.java:112) [Main.class:?]
	at sun.reflect.NativeMethodAccessorImpl.invoke0(Native Method) ~[?:1.7.0_60]
	at sun.reflect.NativeMethodAccessorImpl.invoke(NativeMethodAccessorImpl.java:57) ~[?:1.7.0_60]
	at sun.reflect.DelegatingMethodAccessorImpl.invoke(DelegatingMethodAccessorImpl.java:43) ~[?:1.7.0_60]
	at java.lang.reflect.Method.invoke(Method.java:606) ~[?:1.7.0_60]
	at net.minecraft.launchwrapper.Launch.launch(Launch.java:134) [launchwrapper-1.9.jar:?]
	at net.minecraft.launchwrapper.Launch.main(Launch.java:28) [launchwrapper-1.9.jar:?]
	at sun.reflect.NativeMethodAccessorImpl.invoke0(Native Method) ~[?:1.7.0_60]
	at sun.reflect.NativeMethodAccessorImpl.invoke(NativeMethodAccessorImpl.java:57) ~[?:1.7.0_60]
	at sun.reflect.DelegatingMethodAccessorImpl.invoke(DelegatingMethodAccessorImpl.java:43) ~[?:1.7.0_60]
	at java.lang.reflect.Method.invoke(Method.java:606) ~[?:1.7.0_60]
	at GradleStart.bounce(GradleStart.java:69) [start/:?]
	at GradleStart.startClient(GradleStart.java:62) [start/:?]
	at GradleStart.main(GradleStart.java:34) [start/:?]
	at sun.reflect.NativeMethodAccessorImpl.invoke0(Native Method) ~[?:1.7.0_60]
	at sun.reflect.NativeMethodAccessorImpl.invoke(NativeMethodAccessorImpl.java:57) ~[?:1.7.0_60]
	at sun.reflect.DelegatingMethodAccessorImpl.invoke(DelegatingMethodAccessorImpl.java:43) ~[?:1.7.0_60]
	at java.lang.reflect.Method.invoke(Method.java:606) ~[?:1.7.0_60]
	at com.intellij.rt.execution.application.AppMain.main(AppMain.java:134) [idea_rt.jar:?]
[12:44:20] [Client thread/INFO]: Reloading ResourceManager: Default, FMLFileResourcePack:Forge Mod Loader, FMLFileResourcePack:Minecraft Forge, FMLFileResourcePack:Lets Mod
[12:44:23] [Sound Library Loader/INFO]: Sound engine started
[12:44:23] [Client thread/INFO]: Created: 512x256 textures/blocks-atlas
[12:44:24] [Client thread/INFO]: Created: 256x256 textures/items-atlas
[12:44:24] [Client thread/INFO]: Reloading ResourceManager: Default, FMLFileResourcePack:Forge Mod Loader, FMLFileResourcePack:Minecraft Forge, FMLFileResourcePack:Lets Mod
[12:44:24] [Client thread/INFO]: Created: 256x256 textures/items-atlas
[12:44:24] [Client thread/INFO]: Created: 512x256 textures/blocks-atlas
[12:44:25] [Sound Library Loader/INFO]: Sound engine started
[12:44:26] [MCO Availability Checker #1/ERROR]: Couldn't connect to Realms
[12:44:28] [Client thread/WARN]: Unable to play unknown soundEvent: minecraft:gui.button.press
[12:44:30] [Client thread/WARN]: Unable to play unknown soundEvent: minecraft:music.menu
[12:44:38] [Client thread/WARN]: Unable to play unknown soundEvent: minecraft:gui.button.press
[12:44:40] [Client thread/WARN]: Unable to play unknown soundEvent: minecraft:gui.button.press
[12:44:40] [Client thread/INFO]: Stopping!
